
=== Thu Oct 29 15:47:46 2020

Packages were changed.
Update Mode: updateDependencies

The following packages were added:
  com.unity.2d.sprite@1.0.0
  com.unity.2d.tilemap@1.0.0
  com.unity.ads@3.4.9
  com.unity.analytics@3.3.5
  com.unity.collab-proxy@1.3.9
  com.unity.ide.rider@1.2.1
  com.unity.ide.visualstudio@2.0.2
  com.unity.ide.vscode@1.2.1
  com.unity.modules.ai@1.0.0
  com.unity.modules.androidjni@1.0.0
  com.unity.modules.animation@1.0.0
  com.unity.modules.assetbundle@1.0.0
  com.unity.modules.audio@1.0.0
  com.unity.modules.cloth@1.0.0
  com.unity.modules.director@1.0.0
  com.unity.modules.imageconversion@1.0.0
  com.unity.modules.imgui@1.0.0
  com.unity.modules.jsonserialize@1.0.0
  com.unity.modules.particlesystem@1.0.0
  com.unity.modules.physics@1.0.0
  com.unity.modules.physics2d@1.0.0
  com.unity.modules.screencapture@1.0.0
  com.unity.modules.terrain@1.0.0
  com.unity.modules.terrainphysics@1.0.0
  com.unity.modules.tilemap@1.0.0
  com.unity.modules.ui@1.0.0
  com.unity.modules.uielements@1.0.0
  com.unity.modules.umbra@1.0.0
  com.unity.modules.unityanalytics@1.0.0
  com.unity.modules.unitywebrequest@1.0.0
  com.unity.modules.unitywebrequestassetbundle@1.0.0
  com.unity.modules.unitywebrequestaudio@1.0.0
  com.unity.modules.unitywebrequesttexture@1.0.0
  com.unity.modules.unitywebrequestwww@1.0.0
  com.unity.modules.vehicles@1.0.0
  com.unity.modules.video@1.0.0
  com.unity.modules.vr@1.0.0
  com.unity.modules.wind@1.0.0
  com.unity.modules.xr@1.0.0
  com.unity.purchasing@2.1.0
  com.unity.test-framework@1.1.16
  com.unity.textmeshpro@3.0.1
  com.unity.timeline@1.2.6
  com.unity.ugui@1.0.0
  com.unity.xr.legacyinputhelpers@2.1.4

=== Tue Nov  8 00:28:00 2022

Packages were changed.
Update Mode: updateDependencies

The following packages were updated:
  com.unity.ads from version 3.4.9 to 4.3.0
  com.unity.analytics from version 3.3.5 to 3.7.1
  com.unity.collab-proxy from version 1.3.9 to 1.17.2
  com.unity.ide.rider from version 1.2.1 to 3.0.15
  com.unity.ide.visualstudio from version 2.0.2 to 2.0.16
  com.unity.ide.vscode from version 1.2.1 to 1.2.5
  com.unity.purchasing from version 2.1.0 to 4.4.1
  com.unity.test-framework from version 1.1.16 to 1.1.33
  com.unity.textmeshpro from version 3.0.1 to 3.0.6
  com.unity.timeline from version 1.2.6 to 1.7.1
  com.unity.xr.legacyinputhelpers from version 2.1.4 to 2.1.10

=== Sat Mar 23 00:18:50 2024

Packages were changed.
Update Mode: updateDependencies

The following packages were added:
  com.unity.ai.navigation@2.0.0
  com.unity.modules.accessibility@1.0.0
The following packages were updated:
  com.unity.ads from version 4.3.0 to 4.4.2
  com.unity.collab-proxy from version 1.17.2 to 2.2.0
  com.unity.ide.rider from version 3.0.15 to 3.0.27
  com.unity.ide.visualstudio from version 2.0.16 to 2.0.22
  com.unity.purchasing from version 4.4.1 to 4.10.0
  com.unity.test-framework from version 1.1.33 to 1.3.9
  com.unity.timeline from version 1.7.1 to 1.8.6
  com.unity.toolchain.win-x86_64-linux-x86_64 from version 2.0.3 to 2.0.4
  com.unity.ugui from version 1.0.0 to 2.0.0
The following packages were removed:
  com.unity.textmeshpro@3.0.6

=== Sat Mar 23 20:07:59 2024

Packages were changed.
Update Mode: updateDependencies

The following packages were updated:
  com.unity.collab-proxy from version 1.3.9 to 2.2.0
  com.unity.ide.rider from version 2.0.7 to 3.0.27
  com.unity.ide.visualstudio from version 2.0.7 to 2.0.22
  com.unity.test-framework from version 1.1.24 to 1.3.9
  com.unity.timeline from version 1.4.8 to 1.8.6
  com.unity.ugui from version 1.0.0 to 2.0.0
The following packages were removed:
  com.unity.textmeshpro@3.0.6

=== Sat Mar 23 20:07:59 2024

Packages were changed.
Update Mode: mergeDefaultDependencies

The following packages were added:
  com.unity.ide.vscode@1.2.3

=== Fri Dec 12 23:29:30 2025

Packages were changed.
Update Mode: updateDependencies

The following packages were added:
  com.unity.multiplayer.center@1.0.0
The following packages were updated:
  com.unity.ai.navigation from version 2.0.0 to 2.0.9
  com.unity.collab-proxy from version 2.2.0 to 2.9.3
  com.unity.ide.rider from version 3.0.28 to 3.0.38
  com.unity.ide.visualstudio from version 2.0.22 to 2.0.23
  com.unity.purchasing from version 4.11.0 to 4.12.2
  com.unity.test-framework from version 1.3.9 to 1.6.0
  com.unity.timeline from version 1.8.6 to 1.8.9
  com.unity.toolchain.win-x86_64-linux-x86_64 from version 2.0.6 to 2.0.10
  com.unity.xr.legacyinputhelpers from version 2.1.10 to 2.1.12
